{"contracts/Admin.sol":{"l":{"15":49,"16":47,"23":43,"24":42,"25":42,"26":41,"34":2,"35":1,"36":4},"path":"/Users/chadchillbro7/80trill/repo/travelblock/contracts/Admin.sol","s":{"1":49,"2":43,"3":42,"4":42,"5":41,"6":2,"7":1,"8":4},"b":{"1":[47,2],"2":[42,1],"3":[41,1],"4":[1,1]},"f":{"1":49,"2":43,"3":2},"fnMap":{"1":{"name":"onlyAdmin","line":14,"loc":{"start":{"line":14,"column":4},"end":{"line":14,"column":22}}},"2":{"name":"addAddressesToAdmins","line":22,"loc":{"start":{"line":22,"column":4},"end":{"line":22,"column":69}}},"3":{"name":"removeAddressesFromAdmins","line":33,"loc":{"start":{"line":33,"column":4},"end":{"line":33,"column":74}}}},"statementMap":{"1":{"start":{"line":15,"column":8},"end":{"line":15,"column":65}},"2":{"start":{"line":23,"column":8},"end":{"line":23,"column":73}},"3":{"start":{"line":24,"column":8},"end":{"line":24,"column":966}},"4":{"start":{"line":25,"column":12},"end":{"line":25,"column":44}},"5":{"start":{"line":26,"column":12},"end":{"line":26,"column":36}},"6":{"start":{"line":34,"column":8},"end":{"line":34,"column":76}},"7":{"start":{"line":35,"column":8},"end":{"line":35,"column":1476}},"8":{"start":{"line":36,"column":12},"end":{"line":36,"column":37}}},"branchMap":{"1":{"line":15,"type":"if","locations":[{"start":{"line":15,"column":8},"end":{"line":15,"column":8}},{"start":{"line":15,"column":8},"end":{"line":15,"column":8}}]},"2":{"line":23,"type":"if","locations":[{"start":{"line":23,"column":8},"end":{"line":23,"column":8}},{"start":{"line":23,"column":8},"end":{"line":23,"column":8}}]},"3":{"line":25,"type":"if","locations":[{"start":{"line":25,"column":12},"end":{"line":25,"column":12}},{"start":{"line":25,"column":12},"end":{"line":25,"column":12}}]},"4":{"line":34,"type":"if","locations":[{"start":{"line":34,"column":8},"end":{"line":34,"column":8}},{"start":{"line":34,"column":8},"end":{"line":34,"column":8}}]}}},"contracts/Mocks/BasicTokenMock.sol":{"l":{"11":2,"12":2},"path":"/Users/chadchillbro7/80trill/repo/travelblock/contracts/Mocks/BasicTokenMock.sol","s":{"1":2,"2":2},"b":{},"f":{"1":2},"fnMap":{"1":{"name":null,"line":10,"loc":{"start":{"line":10,"column":4},"end":{"line":10,"column":68}}}},"statementMap":{"1":{"start":{"line":11,"column":8},"end":{"line":11,"column":48}},"2":{"start":{"line":12,"column":8},"end":{"line":12,"column":36}}},"branchMap":{}},"contracts/Mocks/ERC223TokenMock.sol":{"l":{"15":3,"16":3,"22":1,"23":1,"25":1,"28":1,"29":1},"path":"/Users/chadchillbro7/80trill/repo/travelblock/contracts/Mocks/ERC223TokenMock.sol","s":{"1":3,"2":3,"3":1,"4":1,"5":1},"b":{},"f":{"1":3,"2":1},"fnMap":{"1":{"name":null,"line":14,"loc":{"start":{"line":14,"column":4},"end":{"line":14,"column":68}}},"2":{"name":"transferERC223","line":20,"loc":{"start":{"line":20,"column":4},"end":{"line":21,"column":5}}}},"statementMap":{"1":{"start":{"line":15,"column":8},"end":{"line":15,"column":48}},"2":{"start":{"line":16,"column":8},"end":{"line":16,"column":36}},"3":{"start":{"line":22,"column":8},"end":{"line":22,"column":28}},"4":{"start":{"line":23,"column":8},"end":{"line":23,"column":30}},"5":{"start":{"line":28,"column":8},"end":{"line":28,"column":70}}},"branchMap":{}},"contracts/Mocks/SafeERC20Helper.sol":{"l":{"9":0,"13":1,"17":1,"21":1,"25":0,"29":0,"36":0,"40":1,"44":1,"48":1,"52":0,"56":0,"68":6,"69":6,"73":1,"77":1,"81":1,"85":1,"89":1,"93":1},"path":"/Users/chadchillbro7/80trill/repo/travelblock/contracts/Mocks/SafeERC20Helper.sol","s":{"1":0,"2":1,"3":1,"4":1,"5":0,"6":0,"7":0,"8":1,"9":1,"10":1,"11":0,"12":0,"13":6,"14":6},"b":{},"f":{"1":0,"2":1,"3":1,"4":1,"5":0,"6":0,"7":0,"8":1,"9":1,"10":1,"11":0,"12":0,"13":6,"14":1,"15":1,"16":1,"17":1,"18":1,"19":1},"fnMap":{"1":{"name":"totalSupply","line":8,"loc":{"start":{"line":8,"column":4},"end":{"line":8,"column":54}}},"2":{"name":"transfer","line":12,"loc":{"start":{"line":12,"column":4},"end":{"line":12,"column":59}}},"3":{"name":"transferFrom","line":16,"loc":{"start":{"line":16,"column":4},"end":{"line":16,"column":72}}},"4":{"name":"approve","line":20,"loc":{"start":{"line":20,"column":4},"end":{"line":20,"column":58}}},"5":{"name":"balanceOf","line":24,"loc":{"start":{"line":24,"column":4},"end":{"line":24,"column":59}}},"6":{"name":"allowance","line":28,"loc":{"start":{"line":28,"column":4},"end":{"line":28,"column":68}}},"7":{"name":"totalSupply","line":35,"loc":{"start":{"line":35,"column":4},"end":{"line":35,"column":54}}},"8":{"name":"transfer","line":39,"loc":{"start":{"line":39,"column":4},"end":{"line":39,"column":59}}},"9":{"name":"transferFrom","line":43,"loc":{"start":{"line":43,"column":4},"end":{"line":43,"column":72}}},"10":{"name":"approve","line":47,"loc":{"start":{"line":47,"column":4},"end":{"line":47,"column":58}}},"11":{"name":"balanceOf","line":51,"loc":{"start":{"line":51,"column":4},"end":{"line":51,"column":59}}},"12":{"name":"allowance","line":55,"loc":{"start":{"line":55,"column":4},"end":{"line":55,"column":68}}},"13":{"name":null,"line":67,"loc":{"start":{"line":67,"column":4},"end":{"line":67,"column":22}}},"14":{"name":"doFailingTransfer","line":72,"loc":{"start":{"line":72,"column":4},"end":{"line":72,"column":37}}},"15":{"name":"doFailingTransferFrom","line":76,"loc":{"start":{"line":76,"column":4},"end":{"line":76,"column":41}}},"16":{"name":"doFailingApprove","line":80,"loc":{"start":{"line":80,"column":4},"end":{"line":80,"column":36}}},"17":{"name":"doSucceedingTransfer","line":84,"loc":{"start":{"line":84,"column":4},"end":{"line":84,"column":40}}},"18":{"name":"doSucceedingTransferFrom","line":88,"loc":{"start":{"line":88,"column":4},"end":{"line":88,"column":44}}},"19":{"name":"doSucceedingApprove","line":92,"loc":{"start":{"line":92,"column":4},"end":{"line":92,"column":39}}}},"statementMap":{"1":{"start":{"line":9,"column":8},"end":{"line":9,"column":16}},"2":{"start":{"line":13,"column":8},"end":{"line":13,"column":20}},"3":{"start":{"line":17,"column":8},"end":{"line":17,"column":20}},"4":{"start":{"line":21,"column":8},"end":{"line":21,"column":20}},"5":{"start":{"line":25,"column":8},"end":{"line":25,"column":16}},"6":{"start":{"line":29,"column":8},"end":{"line":29,"column":16}},"7":{"start":{"line":36,"column":8},"end":{"line":36,"column":16}},"8":{"start":{"line":40,"column":8},"end":{"line":40,"column":19}},"9":{"start":{"line":44,"column":8},"end":{"line":44,"column":19}},"10":{"start":{"line":48,"column":8},"end":{"line":48,"column":19}},"11":{"start":{"line":52,"column":8},"end":{"line":52,"column":16}},"12":{"start":{"line":56,"column":8},"end":{"line":56,"column":16}},"13":{"start":{"line":68,"column":8},"end":{"line":68,"column":39}},"14":{"start":{"line":69,"column":8},"end":{"line":69,"column":45}}},"branchMap":{}},"contracts/Mocks/SafeMathMock.sol":{"l":{"11":3,"15":2,"19":2,"23":2},"path":"/Users/chadchillbro7/80trill/repo/travelblock/contracts/Mocks/SafeMathMock.sol","s":{"1":3,"2":2,"3":2,"4":2},"b":{},"f":{"1":3,"2":2,"3":2,"4":2},"fnMap":{"1":{"name":"mul","line":10,"loc":{"start":{"line":10,"column":4},"end":{"line":10,"column":66}}},"2":{"name":"div","line":14,"loc":{"start":{"line":14,"column":4},"end":{"line":14,"column":66}}},"3":{"name":"sub","line":18,"loc":{"start":{"line":18,"column":4},"end":{"line":18,"column":66}}},"4":{"name":"add","line":22,"loc":{"start":{"line":22,"column":4},"end":{"line":22,"column":66}}}},"statementMap":{"1":{"start":{"line":11,"column":8},"end":{"line":11,"column":33}},"2":{"start":{"line":15,"column":8},"end":{"line":15,"column":33}},"3":{"start":{"line":19,"column":8},"end":{"line":19,"column":33}},"4":{"start":{"line":23,"column":8},"end":{"line":23,"column":33}}},"branchMap":{}},"contracts/OZContracts/BasicToken.sol":{"l":{"23":29,"32":193,"33":192,"35":191,"36":191,"37":191,"38":191,"47":148},"path":"/Users/chadchillbro7/80trill/repo/travelblock/contracts/OZContracts/BasicToken.sol","s":{"1":29,"2":193,"3":192,"4":191,"5":191,"6":191,"7":191,"8":148},"b":{"1":[192,1],"2":[191,1]},"f":{"1":29,"2":193,"3":148},"fnMap":{"1":{"name":"totalSupply","line":22,"loc":{"start":{"line":22,"column":2},"end":{"line":22,"column":54}}},"2":{"name":"transfer","line":31,"loc":{"start":{"line":31,"column":2},"end":{"line":31,"column":70}}},"3":{"name":"balanceOf","line":46,"loc":{"start":{"line":46,"column":2},"end":{"line":46,"column":66}}}},"statementMap":{"1":{"start":{"line":23,"column":4},"end":{"line":23,"column":23}},"2":{"start":{"line":32,"column":4},"end":{"line":32,"column":29}},"3":{"start":{"line":33,"column":4},"end":{"line":33,"column":42}},"4":{"start":{"line":35,"column":4},"end":{"line":35,"column":58}},"5":{"start":{"line":36,"column":4},"end":{"line":36,"column":44}},"6":{"start":{"line":37,"column":4},"end":{"line":37,"column":42}},"7":{"start":{"line":38,"column":4},"end":{"line":38,"column":15}},"8":{"start":{"line":47,"column":4},"end":{"line":47,"column":27}}},"branchMap":{"1":{"line":32,"type":"if","locations":[{"start":{"line":32,"column":4},"end":{"line":32,"column":4}},{"start":{"line":32,"column":4},"end":{"line":32,"column":4}}]},"2":{"line":33,"type":"if","locations":[{"start":{"line":33,"column":4},"end":{"line":33,"column":4}},{"start":{"line":33,"column":4},"end":{"line":33,"column":4}}]}}},"contracts/OZContracts/CanReclaimToken.sol":{"l":{"22":2,"23":2},"path":"/Users/chadchillbro7/80trill/repo/travelblock/contracts/OZContracts/CanReclaimToken.sol","s":{"1":2},"b":{},"f":{"1":2},"fnMap":{"1":{"name":"reclaimToken","line":21,"loc":{"start":{"line":21,"column":2},"end":{"line":21,"column":60}}}},"statementMap":{"1":{"start":{"line":22,"column":4},"end":{"line":22,"column":42}}},"branchMap":{}},"contracts/OZContracts/Claimable.sol":{"l":{"19":2,"20":1,"28":2,"35":1,"36":1,"37":1},"path":"/Users/chadchillbro7/80trill/repo/travelblock/contracts/OZContracts/Claimable.sol","s":{"1":2,"2":2,"3":1,"4":1,"5":1},"b":{"1":[1,1]},"f":{"1":2,"2":2,"3":1},"fnMap":{"1":{"name":"onlyPendingOwner","line":18,"loc":{"start":{"line":18,"column":2},"end":{"line":18,"column":29}}},"2":{"name":"transferOwnership","line":27,"loc":{"start":{"line":27,"column":2},"end":{"line":27,"column":63}}},"3":{"name":"claimOwnership","line":34,"loc":{"start":{"line":34,"column":2},"end":{"line":34,"column":51}}}},"statementMap":{"1":{"start":{"line":19,"column":4},"end":{"line":19,"column":38}},"2":{"start":{"line":28,"column":4},"end":{"line":28,"column":26}},"3":{"start":{"line":35,"column":4},"end":{"line":35,"column":50}},"4":{"start":{"line":36,"column":4},"end":{"line":36,"column":23}},"5":{"start":{"line":37,"column":4},"end":{"line":37,"column":28}}},"branchMap":{"1":{"line":19,"type":"if","locations":[{"start":{"line":19,"column":4},"end":{"line":19,"column":4}},{"start":{"line":19,"column":4},"end":{"line":19,"column":4}}]}}},"contracts/OZContracts/ERC20.sol":{"l":{},"path":"/Users/chadchillbro7/80trill/repo/travelblock/contracts/OZContracts/ERC20.sol","s":{},"b":{},"f":{},"fnMap":{},"statementMap":{},"branchMap":{}},"contracts/OZContracts/ERC20Basic.sol":{"l":{},"path":"/Users/chadchillbro7/80trill/repo/travelblock/contracts/OZContracts/ERC20Basic.sol","s":{},"b":{},"f":{},"fnMap":{},"statementMap":{},"branchMap":{}},"contracts/OZContracts/HasNoTokens.sol":{"l":{"22":1,"23":1,"24":1,"25":1},"path":"/Users/chadchillbro7/80trill/repo/travelblock/contracts/OZContracts/HasNoTokens.sol","s":{"1":1},"b":{},"f":{"1":1},"fnMap":{"1":{"name":"tokenFallback","line":21,"loc":{"start":{"line":21,"column":2},"end":{"line":21,"column":77}}}},"statementMap":{"1":{"start":{"line":25,"column":4},"end":{"line":25,"column":11}}},"branchMap":{}},"contracts/OZContracts/Ownable.sol":{"l":{"25":108,"32":175,"33":168,"40":1,"41":1,"49":0,"57":0,"58":0,"59":0},"path":"/Users/chadchillbro7/80trill/repo/travelblock/contracts/OZContracts/Ownable.sol","s":{"1":108,"2":175,"3":1,"4":1,"5":0,"6":0,"7":0,"8":0},"b":{"1":[168,7],"2":[0,0]},"f":{"1":108,"2":175,"3":1,"4":0,"5":0},"fnMap":{"1":{"name":null,"line":24,"loc":{"start":{"line":24,"column":2},"end":{"line":24,"column":22}}},"2":{"name":"onlyOwner","line":31,"loc":{"start":{"line":31,"column":2},"end":{"line":31,"column":22}}},"3":{"name":"renounceOwnership","line":39,"loc":{"start":{"line":39,"column":2},"end":{"line":39,"column":47}}},"4":{"name":"transferOwnership","line":48,"loc":{"start":{"line":48,"column":2},"end":{"line":48,"column":64}}},"5":{"name":"_transferOwnership","line":56,"loc":{"start":{"line":56,"column":2},"end":{"line":56,"column":57}}}},"statementMap":{"1":{"start":{"line":25,"column":4},"end":{"line":25,"column":21}},"2":{"start":{"line":32,"column":4},"end":{"line":32,"column":31}},"3":{"start":{"line":40,"column":4},"end":{"line":40,"column":34}},"4":{"start":{"line":41,"column":4},"end":{"line":41,"column":21}},"5":{"start":{"line":49,"column":4},"end":{"line":49,"column":32}},"6":{"start":{"line":57,"column":4},"end":{"line":57,"column":35}},"7":{"start":{"line":58,"column":4},"end":{"line":58,"column":47}},"8":{"start":{"line":59,"column":4},"end":{"line":59,"column":20}}},"branchMap":{"1":{"line":32,"type":"if","locations":[{"start":{"line":32,"column":4},"end":{"line":32,"column":4}},{"start":{"line":32,"column":4},"end":{"line":32,"column":4}}]},"2":{"line":57,"type":"if","locations":[{"start":{"line":57,"column":4},"end":{"line":57,"column":4}},{"start":{"line":57,"column":4},"end":{"line":57,"column":4}}]}}},"contracts/OZContracts/Pausable.sol":{"l":{"22":341,"23":335,"30":9,"31":8,"38":17,"39":17,"46":8,"47":8},"path":"/Users/chadchillbro7/80trill/repo/travelblock/contracts/OZContracts/Pausable.sol","s":{"1":341,"2":9,"3":17,"4":17,"5":8,"6":8},"b":{"1":[335,6],"2":[8,1]},"f":{"1":341,"2":9,"3":17,"4":8},"fnMap":{"1":{"name":"whenNotPaused","line":21,"loc":{"start":{"line":21,"column":2},"end":{"line":21,"column":26}}},"2":{"name":"whenPaused","line":29,"loc":{"start":{"line":29,"column":2},"end":{"line":29,"column":23}}},"3":{"name":"pause","line":37,"loc":{"start":{"line":37,"column":2},"end":{"line":37,"column":49}}},"4":{"name":"unpause","line":45,"loc":{"start":{"line":45,"column":2},"end":{"line":45,"column":48}}}},"statementMap":{"1":{"start":{"line":22,"column":4},"end":{"line":22,"column":19}},"2":{"start":{"line":30,"column":4},"end":{"line":30,"column":18}},"3":{"start":{"line":38,"column":4},"end":{"line":38,"column":16}},"4":{"start":{"line":39,"column":4},"end":{"line":39,"column":16}},"5":{"start":{"line":46,"column":4},"end":{"line":46,"column":17}},"6":{"start":{"line":47,"column":4},"end":{"line":47,"column":18}}},"branchMap":{"1":{"line":22,"type":"if","locations":[{"start":{"line":22,"column":4},"end":{"line":22,"column":4}},{"start":{"line":22,"column":4},"end":{"line":22,"column":4}}]},"2":{"line":30,"type":"if","locations":[{"start":{"line":30,"column":4},"end":{"line":30,"column":4}},{"start":{"line":30,"column":4},"end":{"line":30,"column":4}}]}}},"contracts/OZContracts/PausableToken.sol":{"l":{"21":193,"33":9,"44":22,"55":10,"66":10},"path":"/Users/chadchillbro7/80trill/repo/travelblock/contracts/OZContracts/PausableToken.sol","s":{"1":193,"2":9,"3":22,"4":10,"5":10},"b":{},"f":{"1":193,"2":9,"3":22,"4":10,"5":10},"fnMap":{"1":{"name":"transfer","line":13,"loc":{"start":{"line":13,"column":2},"end":{"line":20,"column":3}}},"2":{"name":"transferFrom","line":24,"loc":{"start":{"line":24,"column":2},"end":{"line":32,"column":3}}},"3":{"name":"approve","line":36,"loc":{"start":{"line":36,"column":2},"end":{"line":43,"column":3}}},"4":{"name":"increaseApproval","line":47,"loc":{"start":{"line":47,"column":2},"end":{"line":54,"column":3}}},"5":{"name":"decreaseApproval","line":58,"loc":{"start":{"line":58,"column":2},"end":{"line":65,"column":3}}}},"statementMap":{"1":{"start":{"line":21,"column":4},"end":{"line":21,"column":38}},"2":{"start":{"line":33,"column":4},"end":{"line":33,"column":49}},"3":{"start":{"line":44,"column":4},"end":{"line":44,"column":42}},"4":{"start":{"line":55,"column":4},"end":{"line":55,"column":56}},"5":{"start":{"line":66,"column":4},"end":{"line":66,"column":61}}},"branchMap":{}},"contracts/OZContracts/SafeERC20.sol":{"l":{"15":4,"26":2,"30":2},"path":"/Users/chadchillbro7/80trill/repo/travelblock/contracts/OZContracts/SafeERC20.sol","s":{"1":4,"2":2,"3":2},"b":{"1":[3,1],"2":[1,1],"3":[1,1]},"f":{"1":4,"2":2,"3":2},"fnMap":{"1":{"name":"safeTransfer","line":14,"loc":{"start":{"line":14,"column":2},"end":{"line":14,"column":77}}},"2":{"name":"safeTransferFrom","line":18,"loc":{"start":{"line":18,"column":2},"end":{"line":25,"column":3}}},"3":{"name":"safeApprove","line":29,"loc":{"start":{"line":29,"column":2},"end":{"line":29,"column":76}}}},"statementMap":{"1":{"start":{"line":15,"column":4},"end":{"line":15,"column":37}},"2":{"start":{"line":26,"column":4},"end":{"line":26,"column":47}},"3":{"start":{"line":30,"column":4},"end":{"line":30,"column":41}}},"branchMap":{"1":{"line":15,"type":"if","locations":[{"start":{"line":15,"column":4},"end":{"line":15,"column":4}},{"start":{"line":15,"column":4},"end":{"line":15,"column":4}}]},"2":{"line":26,"type":"if","locations":[{"start":{"line":26,"column":4},"end":{"line":26,"column":4}},{"start":{"line":26,"column":4},"end":{"line":26,"column":4}}]},"3":{"line":30,"type":"if","locations":[{"start":{"line":30,"column":4},"end":{"line":30,"column":4}},{"start":{"line":30,"column":4},"end":{"line":30,"column":4}}]}}},"contracts/OZContracts/SafeMath.sol":{"l":{"17":168,"18":1,"21":167,"22":167,"23":166,"33":59,"40":402,"41":401,"48":340,"49":340,"50":339},"path":"/Users/chadchillbro7/80trill/repo/travelblock/contracts/OZContracts/SafeMath.sol","s":{"1":168,"2":1,"3":167,"4":167,"5":166,"6":59,"7":402,"8":401,"9":340,"10":340,"11":339},"b":{"1":[1,167],"2":[166,1],"3":[401,1],"4":[339,1]},"f":{"1":168,"2":59,"3":402,"4":340},"fnMap":{"1":{"name":"mul","line":13,"loc":{"start":{"line":13,"column":2},"end":{"line":13,"column":70}}},"2":{"name":"div","line":29,"loc":{"start":{"line":29,"column":2},"end":{"line":29,"column":68}}},"3":{"name":"sub","line":39,"loc":{"start":{"line":39,"column":2},"end":{"line":39,"column":68}}},"4":{"name":"add","line":47,"loc":{"start":{"line":47,"column":2},"end":{"line":47,"column":70}}}},"statementMap":{"1":{"start":{"line":17,"column":4},"end":{"line":17,"column":488}},"2":{"start":{"line":18,"column":6},"end":{"line":18,"column":14}},"3":{"start":{"line":21,"column":4},"end":{"line":21,"column":12}},"4":{"start":{"line":22,"column":4},"end":{"line":22,"column":21}},"5":{"start":{"line":23,"column":4},"end":{"line":23,"column":12}},"6":{"start":{"line":33,"column":4},"end":{"line":33,"column":16}},"7":{"start":{"line":40,"column":4},"end":{"line":40,"column":17}},"8":{"start":{"line":41,"column":4},"end":{"line":41,"column":16}},"9":{"start":{"line":48,"column":4},"end":{"line":48,"column":12}},"10":{"start":{"line":49,"column":4},"end":{"line":49,"column":17}},"11":{"start":{"line":50,"column":4},"end":{"line":50,"column":12}}},"branchMap":{"1":{"line":17,"type":"if","locations":[{"start":{"line":17,"column":4},"end":{"line":17,"column":4}},{"start":{"line":17,"column":4},"end":{"line":17,"column":4}}]},"2":{"line":22,"type":"if","locations":[{"start":{"line":22,"column":4},"end":{"line":22,"column":4}},{"start":{"line":22,"column":4},"end":{"line":22,"column":4}}]},"3":{"line":40,"type":"if","locations":[{"start":{"line":40,"column":4},"end":{"line":40,"column":4}},{"start":{"line":40,"column":4},"end":{"line":40,"column":4}}]},"4":{"line":49,"type":"if","locations":[{"start":{"line":49,"column":4},"end":{"line":49,"column":4}},{"start":{"line":49,"column":4},"end":{"line":49,"column":4}}]}}},"contracts/OZContracts/StandardToken.sol":{"l":{"33":9,"34":8,"35":6,"37":5,"38":5,"39":5,"40":5,"41":5,"55":22,"56":22,"57":22,"74":17,"94":10,"96":10,"97":10,"117":10,"118":10,"119":6,"121":4,"123":10,"124":10},"path":"/Users/chadchillbro7/80trill/repo/travelblock/contracts/OZContracts/StandardToken.sol","s":{"1":9,"2":8,"3":6,"4":5,"5":5,"6":5,"7":5,"8":5,"9":22,"10":22,"11":22,"12":17,"13":10,"14":10,"15":10,"16":10,"17":10,"18":6,"19":4,"20":10,"21":10},"b":{"1":[8,1],"2":[6,2],"3":[5,1],"4":[6,4]},"f":{"1":9,"2":22,"3":17,"4":10,"5":10},"fnMap":{"1":{"name":"transferFrom","line":25,"loc":{"start":{"line":25,"column":2},"end":{"line":32,"column":3}}},"2":{"name":"approve","line":54,"loc":{"start":{"line":54,"column":2},"end":{"line":54,"column":74}}},"3":{"name":"allowance","line":66,"loc":{"start":{"line":66,"column":2},"end":{"line":73,"column":3}}},"4":{"name":"increaseApproval","line":87,"loc":{"start":{"line":87,"column":2},"end":{"line":93,"column":3}}},"5":{"name":"decreaseApproval","line":110,"loc":{"start":{"line":110,"column":2},"end":{"line":116,"column":3}}}},"statementMap":{"1":{"start":{"line":33,"column":4},"end":{"line":33,"column":29}},"2":{"start":{"line":34,"column":4},"end":{"line":34,"column":37}},"3":{"start":{"line":35,"column":4},"end":{"line":35,"column":48}},"4":{"start":{"line":37,"column":4},"end":{"line":37,"column":48}},"5":{"start":{"line":38,"column":4},"end":{"line":38,"column":44}},"6":{"start":{"line":39,"column":4},"end":{"line":39,"column":70}},"7":{"start":{"line":40,"column":4},"end":{"line":40,"column":37}},"8":{"start":{"line":41,"column":4},"end":{"line":41,"column":15}},"9":{"start":{"line":55,"column":4},"end":{"line":55,"column":41}},"10":{"start":{"line":56,"column":4},"end":{"line":56,"column":47}},"11":{"start":{"line":57,"column":4},"end":{"line":57,"column":15}},"12":{"start":{"line":74,"column":4},"end":{"line":74,"column":36}},"13":{"start":{"line":94,"column":4},"end":{"line":94,"column":3111}},"14":{"start":{"line":96,"column":4},"end":{"line":96,"column":70}},"15":{"start":{"line":97,"column":4},"end":{"line":97,"column":15}},"16":{"start":{"line":117,"column":4},"end":{"line":117,"column":48}},"17":{"start":{"line":118,"column":4},"end":{"line":118,"column":3874}},"18":{"start":{"line":119,"column":6},"end":{"line":119,"column":38}},"19":{"start":{"line":121,"column":6},"end":{"line":121,"column":67}},"20":{"start":{"line":123,"column":4},"end":{"line":123,"column":70}},"21":{"start":{"line":124,"column":4},"end":{"line":124,"column":15}}},"branchMap":{"1":{"line":33,"type":"if","locations":[{"start":{"line":33,"column":4},"end":{"line":33,"column":4}},{"start":{"line":33,"column":4},"end":{"line":33,"column":4}}]},"2":{"line":34,"type":"if","locations":[{"start":{"line":34,"column":4},"end":{"line":34,"column":4}},{"start":{"line":34,"column":4},"end":{"line":34,"column":4}}]},"3":{"line":35,"type":"if","locations":[{"start":{"line":35,"column":4},"end":{"line":35,"column":4}},{"start":{"line":35,"column":4},"end":{"line":35,"column":4}}]},"4":{"line":118,"type":"if","locations":[{"start":{"line":118,"column":4},"end":{"line":118,"column":4}},{"start":{"line":118,"column":4},"end":{"line":118,"column":4}}]}}},"contracts/RewardToken.sol":{"l":{"28":122,"29":121,"34":87,"35":86,"39":108,"40":108,"51":85,"52":85,"53":85,"70":1,"71":1,"86":57},"path":"/Users/chadchillbro7/80trill/repo/travelblock/contracts/RewardToken.sol","s":{"1":122,"2":87,"3":108,"4":108,"5":85,"6":85,"7":1,"8":1,"9":57},"b":{"1":[121,1],"2":[86,1]},"f":{"1":122,"2":87,"3":108,"4":85,"5":1,"6":57},"fnMap":{"1":{"name":"isValidRewardIndex","line":27,"loc":{"start":{"line":27,"column":4},"end":{"line":27,"column":45}}},"2":{"name":"isValidRewardPercentage","line":33,"loc":{"start":{"line":33,"column":4},"end":{"line":33,"column":55}}},"3":{"name":null,"line":38,"loc":{"start":{"line":38,"column":4},"end":{"line":38,"column":55}}},"4":{"name":"addRewardPercentage","line":50,"loc":{"start":{"line":50,"column":4},"end":{"line":50,"column":130}}},"5":{"name":"updateRewardPercentageByIndex","line":64,"loc":{"start":{"line":64,"column":4},"end":{"line":69,"column":5}}},"6":{"name":"getRewardTokenPercentage","line":80,"loc":{"start":{"line":80,"column":4},"end":{"line":85,"column":5}}}},"statementMap":{"1":{"start":{"line":28,"column":8},"end":{"line":28,"column":95}},"2":{"start":{"line":34,"column":8},"end":{"line":34,"column":108}},"3":{"start":{"line":39,"column":8},"end":{"line":39,"column":59}},"4":{"start":{"line":40,"column":8},"end":{"line":40,"column":84}},"5":{"start":{"line":51,"column":8},"end":{"line":51,"column":39}},"6":{"start":{"line":53,"column":8},"end":{"line":53,"column":50}},"7":{"start":{"line":70,"column":8},"end":{"line":70,"column":45}},"8":{"start":{"line":71,"column":8},"end":{"line":71,"column":50}},"9":{"start":{"line":86,"column":8},"end":{"line":86,"column":109}}},"branchMap":{"1":{"line":28,"type":"if","locations":[{"start":{"line":28,"column":8},"end":{"line":28,"column":8}},{"start":{"line":28,"column":8},"end":{"line":28,"column":8}}]},"2":{"line":34,"type":"if","locations":[{"start":{"line":34,"column":8},"end":{"line":34,"column":8}},{"start":{"line":34,"column":8},"end":{"line":34,"column":8}}]}}},"contracts/TRVLToken.sol":{"l":{"19":88,"20":83,"21":77,"26":89,"27":88,"36":108,"37":108,"38":108,"46":6,"48":6,"49":2,"52":4,"53":3,"54":3,"56":1,"66":7,"68":7,"69":3,"71":4,"72":3,"73":3,"75":1,"85":10,"86":8,"109":57,"112":57,"113":57,"114":57,"117":57,"118":57,"137":17,"138":17,"140":17,"158":1,"159":1,"161":1},"path":"/Users/chadchillbro7/80trill/repo/travelblock/contracts/TRVLToken.sol","s":{"1":88,"2":83,"3":89,"4":108,"5":108,"6":108,"7":6,"8":6,"9":2,"10":4,"11":3,"12":3,"13":1,"14":7,"15":7,"16":3,"17":4,"18":3,"19":3,"20":1,"21":10,"22":8,"23":57,"24":57,"25":57,"26":57,"27":57,"28":57,"29":17,"30":17,"31":17,"32":1,"33":1,"34":1},"b":{"1":[83,5],"2":[77,6],"3":[88,1],"4":[2,4],"5":[3,1],"6":[3,4],"7":[3,1]},"f":{"1":88,"2":89,"3":108,"4":6,"5":7,"6":10,"7":57,"8":17,"9":1},"fnMap":{"1":{"name":"senderHasEnoughTokens","line":18,"loc":{"start":{"line":18,"column":4},"end":{"line":18,"column":79}}},"2":{"name":"validAmount","line":25,"loc":{"start":{"line":25,"column":4},"end":{"line":25,"column":39}}},"3":{"name":null,"line":35,"loc":{"start":{"line":35,"column":4},"end":{"line":35,"column":44}}},"4":{"name":"paymentRegularTokensPriority","line":45,"loc":{"start":{"line":45,"column":4},"end":{"line":45,"column":96}}},"5":{"name":"paymentRewardTokensPriority","line":65,"loc":{"start":{"line":65,"column":4},"end":{"line":65,"column":95}}},"6":{"name":"paymentMixed","line":84,"loc":{"start":{"line":84,"column":4},"end":{"line":84,"column":120}}},"7":{"name":"paymentRegularTokens","line":100,"loc":{"start":{"line":100,"column":4},"end":{"line":107,"column":5}}},"8":{"name":"paymentRewardTokens","line":130,"loc":{"start":{"line":130,"column":4},"end":{"line":136,"column":5}}},"9":{"name":"convertRegularToRewardTokens","line":151,"loc":{"start":{"line":151,"column":4},"end":{"line":157,"column":5}}}},"statementMap":{"1":{"start":{"line":19,"column":8},"end":{"line":19,"column":103}},"2":{"start":{"line":20,"column":8},"end":{"line":20,"column":99}},"3":{"start":{"line":26,"column":8},"end":{"line":26,"column":57}},"4":{"start":{"line":36,"column":8},"end":{"line":36,"column":31}},"5":{"start":{"line":37,"column":8},"end":{"line":37,"column":37}},"6":{"start":{"line":38,"column":8},"end":{"line":38,"column":47}},"7":{"start":{"line":46,"column":8},"end":{"line":46,"column":60}},"8":{"start":{"line":48,"column":8},"end":{"line":48,"column":2137}},"9":{"start":{"line":49,"column":12},"end":{"line":49,"column":64}},"10":{"start":{"line":52,"column":12},"end":{"line":52,"column":2279}},"11":{"start":{"line":53,"column":16},"end":{"line":53,"column":82}},"12":{"start":{"line":54,"column":16},"end":{"line":54,"column":98}},"13":{"start":{"line":56,"column":16},"end":{"line":56,"column":43}},"14":{"start":{"line":66,"column":8},"end":{"line":66,"column":65}},"15":{"start":{"line":68,"column":8},"end":{"line":68,"column":3079}},"16":{"start":{"line":69,"column":12},"end":{"line":69,"column":39}},"17":{"start":{"line":71,"column":12},"end":{"line":71,"column":3194}},"18":{"start":{"line":72,"column":16},"end":{"line":72,"column":81}},"19":{"start":{"line":73,"column":16},"end":{"line":73,"column":97}},"20":{"start":{"line":75,"column":16},"end":{"line":75,"column":68}},"21":{"start":{"line":85,"column":8},"end":{"line":85,"column":46}},"22":{"start":{"line":86,"column":8},"end":{"line":86,"column":72}},"23":{"start":{"line":109,"column":8},"end":{"line":109,"column":75}},"24":{"start":{"line":112,"column":8},"end":{"line":112,"column":99}},"25":{"start":{"line":113,"column":8},"end":{"line":113,"column":80}},"26":{"start":{"line":114,"column":8},"end":{"line":114,"column":60}},"27":{"start":{"line":117,"column":8},"end":{"line":117,"column":83}},"28":{"start":{"line":118,"column":8},"end":{"line":118,"column":79}},"29":{"start":{"line":137,"column":8},"end":{"line":137,"column":86}},"30":{"start":{"line":138,"column":8},"end":{"line":138,"column":76}},"31":{"start":{"line":140,"column":8},"end":{"line":140,"column":66}},"32":{"start":{"line":158,"column":8},"end":{"line":158,"column":63}},"33":{"start":{"line":159,"column":8},"end":{"line":159,"column":65}},"34":{"start":{"line":161,"column":8},"end":{"line":161,"column":55}}},"branchMap":{"1":{"line":19,"type":"if","locations":[{"start":{"line":19,"column":8},"end":{"line":19,"column":8}},{"start":{"line":19,"column":8},"end":{"line":19,"column":8}}]},"2":{"line":20,"type":"if","locations":[{"start":{"line":20,"column":8},"end":{"line":20,"column":8}},{"start":{"line":20,"column":8},"end":{"line":20,"column":8}}]},"3":{"line":26,"type":"if","locations":[{"start":{"line":26,"column":8},"end":{"line":26,"column":8}},{"start":{"line":26,"column":8},"end":{"line":26,"column":8}}]},"4":{"line":48,"type":"if","locations":[{"start":{"line":48,"column":8},"end":{"line":48,"column":8}},{"start":{"line":48,"column":8},"end":{"line":48,"column":8}}]},"5":{"line":52,"type":"if","locations":[{"start":{"line":52,"column":12},"end":{"line":52,"column":12}},{"start":{"line":52,"column":12},"end":{"line":52,"column":12}}]},"6":{"line":68,"type":"if","locations":[{"start":{"line":68,"column":8},"end":{"line":68,"column":8}},{"start":{"line":68,"column":8},"end":{"line":68,"column":8}}]},"7":{"line":71,"type":"if","locations":[{"start":{"line":71,"column":12},"end":{"line":71,"column":12}},{"start":{"line":71,"column":12},"end":{"line":71,"column":12}}]}}},"contracts/Whitelist.sol":{"l":{"14":77,"15":75,"22":43,"23":42,"24":165,"25":164,"33":4,"34":3,"35":6},"path":"/Users/chadchillbro7/80trill/repo/travelblock/contracts/Whitelist.sol","s":{"1":77,"2":43,"3":42,"4":165,"5":164,"6":4,"7":3,"8":6},"b":{"1":[75,2],"2":[42,1],"3":[164,1],"4":[3,1]},"f":{"1":77,"2":43,"3":4},"fnMap":{"1":{"name":"isWhitelisted","line":13,"loc":{"start":{"line":13,"column":4},"end":{"line":13,"column":39}}},"2":{"name":"addAddressesToWhitelist","line":21,"loc":{"start":{"line":21,"column":4},"end":{"line":21,"column":71}}},"3":{"name":"removeAddressesFromWhitelist","line":32,"loc":{"start":{"line":32,"column":4},"end":{"line":32,"column":76}}}},"statementMap":{"1":{"start":{"line":14,"column":8},"end":{"line":14,"column":69}},"2":{"start":{"line":22,"column":8},"end":{"line":22,"column":75}},"3":{"start":{"line":23,"column":8},"end":{"line":23,"column":731}},"4":{"start":{"line":24,"column":12},"end":{"line":24,"column":43}},"5":{"start":{"line":25,"column":12},"end":{"line":25,"column":38}},"6":{"start":{"line":33,"column":8},"end":{"line":33,"column":78}},"7":{"start":{"line":34,"column":8},"end":{"line":34,"column":1242}},"8":{"start":{"line":35,"column":12},"end":{"line":35,"column":39}}},"branchMap":{"1":{"line":14,"type":"if","locations":[{"start":{"line":14,"column":8},"end":{"line":14,"column":8}},{"start":{"line":14,"column":8},"end":{"line":14,"column":8}}]},"2":{"line":22,"type":"if","locations":[{"start":{"line":22,"column":8},"end":{"line":22,"column":8}},{"start":{"line":22,"column":8},"end":{"line":22,"column":8}}]},"3":{"line":24,"type":"if","locations":[{"start":{"line":24,"column":12},"end":{"line":24,"column":12}},{"start":{"line":24,"column":12},"end":{"line":24,"column":12}}]},"4":{"line":33,"type":"if","locations":[{"start":{"line":33,"column":8},"end":{"line":33,"column":8}},{"start":{"line":33,"column":8},"end":{"line":33,"column":8}}]}}}}